[2025-08-13 04:07:58.960] [INFO] Worker8(T20): Worker started
[2025-08-13 04:07:58.962] [INFO] Worker8(T20): Worker 8 (Thread 20) started - processing records with Uploaded=false
[2025-08-13 04:07:58.964] [INFO] Worker8(T20): here i am
[2025-08-13 04:07:58.974] [INFO] Worker8(T20): Worker 8 - Processing batch of 2 records
[2025-08-13 04:07:58.975] [INFO] Worker8(T20): HELP!!!!!
[2025-08-13 04:07:58.976] [INFO] Worker8(T20): 
[2025-08-13 04:08:03.981] [INFO] Worker8(T20): here i am
[2025-08-13 04:08:03.998] [INFO] Worker8(T20): Worker 8 - Processing batch of 2 records
[2025-08-13 04:08:03.999] [INFO] Worker8(T20): HELP!!!!!
[2025-08-13 04:08:04.000] [INFO] Worker8(T20): 
[2025-08-13 04:08:09.003] [INFO] Worker8(T20): here i am
[2025-08-13 04:08:09.011] [INFO] Worker8(T20): Worker 8 - Processing batch of 2 records
[2025-08-13 04:08:09.013] [INFO] Worker8(T20): HELP!!!!!
[2025-08-13 04:08:09.018] [INFO] Worker8(T20): 
[2025-08-13 04:08:14.022] [INFO] Worker8(T20): here i am
[2025-08-13 04:08:14.029] [INFO] Worker8(T20): Worker 8 - Processing batch of 2 records
[2025-08-13 04:08:14.030] [INFO] Worker8(T20): HELP!!!!!
[2025-08-13 04:08:14.030] [INFO] Worker8(T20): 
[2025-08-13 04:08:19.046] [INFO] Worker8(T20): here i am
[2025-08-13 04:08:19.055] [INFO] Worker8(T20): Worker 8 - Processing batch of 2 records
[2025-08-13 04:08:19.056] [INFO] Worker8(T20): HELP!!!!!
[2025-08-13 04:08:19.057] [INFO] Worker8(T20): 
[2025-08-13 04:08:24.071] [INFO] Worker8(T20): here i am
[2025-08-13 04:08:31.374] [INFO] Worker8(T20): here i am
[2025-08-13 04:08:40.108] [INFO] Worker8(T20): here i am
[2025-08-13 04:08:40.576] [INFO] Worker8(T20): Worker 8 - Processing batch of 2 records
[2025-08-13 04:08:40.577] [INFO] Worker8(T20): HELP!!!!!
[2025-08-13 04:08:40.578] [INFO] Worker8(T20): 
[2025-08-13 04:08:45.581] [INFO] Worker8(T20): here i am
[2025-08-13 04:08:45.592] [INFO] Worker8(T20): Worker 8 - Processing batch of 2 records
[2025-08-13 04:08:45.593] [INFO] Worker8(T20): HELP!!!!!
[2025-08-13 04:08:45.594] [INFO] Worker8(T20): 
[2025-08-13 04:08:50.611] [INFO] Worker8(T20): here i am
[2025-08-13 04:09:02.968] [INFO] Worker8(T20): here i am
[2025-08-13 04:09:02.995] [INFO] Worker8(T20): Worker 8 - Processing batch of 2 records
[2025-08-13 04:09:02.996] [INFO] Worker8(T20): HELP!!!!!
[2025-08-13 04:09:02.997] [INFO] Worker8(T20): 
[2025-08-13 04:09:07.999] [INFO] Worker8(T20): here i am
[2025-08-13 04:09:15.823] [INFO] Worker8(T20): Worker started
[2025-08-13 04:09:15.825] [INFO] Worker8(T20): Worker 8 (Thread 20) started - processing records with Uploaded=false
[2025-08-13 04:09:15.827] [INFO] Worker8(T20): here i am
[2025-08-13 04:09:15.836] [INFO] Worker8(T20): Fetched batch of 2 records
[2025-08-13 04:09:15.838] [INFO] Worker8(T20): Worker 8 - Processing batch of 2 records
[2025-08-13 04:09:15.839] [INFO] Worker8(T20): HELP!!!!!
[2025-08-13 04:09:15.840] [INFO] Worker8(T20): 
[2025-08-13 04:09:20.857] [INFO] Worker8(T20): here i am
[2025-08-13 04:09:20.857] [INFO] Worker8(T20): Fetched batch of 2 records
[2025-08-13 04:09:20.919] [INFO] Worker8(T20): Worker 8 - Processing batch of 2 records
[2025-08-13 04:09:20.919] [INFO] Worker8(T20): HELP!!!!!
[2025-08-13 04:09:20.919] [INFO] Worker8(T20): 
[2025-08-13 04:09:25.932] [INFO] Worker8(T20): here i am
[2025-08-13 04:09:25.932] [INFO] Worker8(T20): Fetched batch of 2 records
[2025-08-13 04:09:25.932] [INFO] Worker8(T20): Worker 8 - Processing batch of 2 records
[2025-08-13 04:09:25.932] [INFO] Worker8(T20): HELP!!!!!
[2025-08-13 04:09:25.932] [INFO] Worker8(T20): 
[2025-08-13 04:09:30.933] [INFO] Worker8(T20): here i am
[2025-08-13 04:09:30.933] [INFO] Worker8(T20): Fetched batch of 2 records
[2025-08-13 04:09:30.933] [INFO] Worker8(T20): Worker 8 - Processing batch of 2 records
[2025-08-13 04:09:30.933] [INFO] Worker8(T20): HELP!!!!!
[2025-08-13 04:09:30.933] [INFO] Worker8(T20): 
[2025-08-13 04:09:35.935] [INFO] Worker8(T20): here i am
[2025-08-13 04:09:35.935] [INFO] Worker8(T20): Fetched batch of 2 records
[2025-08-13 04:09:35.935] [INFO] Worker8(T20): Worker 8 - Processing batch of 2 records
[2025-08-13 04:09:35.935] [INFO] Worker8(T20): HELP!!!!!
[2025-08-13 04:09:35.935] [INFO] Worker8(T20): 
[2025-08-13 04:09:40.936] [INFO] Worker8(T20): here i am
[2025-08-13 04:09:40.940] [INFO] Worker8(T20): Fetched batch of 2 records
[2025-08-13 04:09:40.941] [INFO] Worker8(T20): Worker 8 - Processing batch of 2 records
[2025-08-13 04:09:40.942] [INFO] Worker8(T20): HELP!!!!!
[2025-08-13 04:09:40.943] [INFO] Worker8(T20): 
[2025-08-13 04:09:45.953] [INFO] Worker8(T20): here i am
[2025-08-13 04:09:45.997] [INFO] Worker8(T20): Fetched batch of 2 records
[2025-08-13 04:09:45.997] [INFO] Worker8(T20): Worker 8 - Processing batch of 2 records
[2025-08-13 04:09:45.997] [INFO] Worker8(T20): HELP!!!!!
[2025-08-13 04:09:46.000] [INFO] Worker8(T20): 
[2025-08-13 04:09:59.150] [INFO] Worker8(T20): Worker started
[2025-08-13 04:09:59.151] [INFO] Worker8(T20): Worker 8 (Thread 20) started - processing records with Uploaded=false
[2025-08-13 04:09:59.155] [INFO] Worker8(T20): here i am
[2025-08-13 04:09:59.170] [INFO] Worker8(T20): Fetched batch of System.Data.DataRow System.Data.DataRow records
[2025-08-13 04:09:59.171] [INFO] Worker8(T20): Worker 8 - Processing batch of 2 records
[2025-08-13 04:09:59.172] [INFO] Worker8(T20): HELP!!!!!
[2025-08-13 04:09:59.173] [INFO] Worker8(T20): 
[2025-08-13 04:10:04.176] [INFO] Worker8(T20): here i am
[2025-08-13 04:10:15.218] [INFO] Worker8(T20): here i am
[2025-08-13 04:10:15.248] [INFO] Worker8(T20): Fetched batch of System.Data.DataRow System.Data.DataRow records
[2025-08-13 04:10:15.250] [INFO] Worker8(T20): Worker 8 - Processing batch of 2 records
[2025-08-13 04:10:15.250] [INFO] Worker8(T20): HELP!!!!!
[2025-08-13 04:10:15.250] [INFO] Worker8(T20): 
[2025-08-13 04:10:20.253] [INFO] Worker8(T20): here i am
[2025-08-13 04:10:20.272] [INFO] Worker8(T20): Fetched batch of System.Data.DataRow System.Data.DataRow records
[2025-08-13 04:10:20.273] [INFO] Worker8(T20): Worker 8 - Processing batch of 2 records
[2025-08-13 04:10:20.275] [INFO] Worker8(T20): HELP!!!!!
[2025-08-13 04:10:20.276] [INFO] Worker8(T20): 
[2025-08-13 04:10:25.281] [INFO] Worker8(T20): here i am
[2025-08-13 04:10:25.281] [INFO] Worker8(T20): Fetched batch of System.Data.DataRow System.Data.DataRow records
[2025-08-13 04:10:25.281] [INFO] Worker8(T20): Worker 8 - Processing batch of 2 records
[2025-08-13 04:10:25.297] [INFO] Worker8(T20): HELP!!!!!
[2025-08-13 04:10:25.297] [INFO] Worker8(T20): 
[2025-08-13 04:10:30.312] [INFO] Worker8(T20): here i am
[2025-08-13 04:10:30.341] [INFO] Worker8(T20): Fetched batch of System.Data.DataRow System.Data.DataRow records
[2025-08-13 04:10:30.343] [INFO] Worker8(T20): Worker 8 - Processing batch of 2 records
[2025-08-13 04:10:30.345] [INFO] Worker8(T20): HELP!!!!!
[2025-08-13 04:10:30.346] [INFO] Worker8(T20): 
[2025-08-13 04:10:35.351] [INFO] Worker8(T20): here i am
[2025-08-13 04:10:35.392] [INFO] Worker8(T20): Fetched batch of System.Data.DataRow System.Data.DataRow records
[2025-08-13 04:10:35.393] [INFO] Worker8(T20): Worker 8 - Processing batch of 2 records
[2025-08-13 04:10:35.394] [INFO] Worker8(T20): HELP!!!!!
[2025-08-13 04:10:35.395] [INFO] Worker8(T20): 
