[2025-08-13 04:07:58.789] [INFO] Worker1(T7): Worker started
[2025-08-13 04:07:58.814] [INFO] Worker1(T7): Worker 1 (Thread 7) started - processing records with Uploaded=false
[2025-08-13 04:07:58.818] [INFO] Worker1(T7): here i am
[2025-08-13 04:07:58.865] [INFO] Worker1(T7): Worker 1 - Processing batch of 2 records
[2025-08-13 04:07:58.866] [INFO] Worker1(T7): HELP!!!!!
[2025-08-13 04:07:58.867] [INFO] Worker1(T7): 
[2025-08-13 04:08:03.878] [INFO] Worker1(T7): here i am
[2025-08-13 04:08:03.894] [INFO] Worker1(T7): Worker 1 - Processing batch of 2 records
[2025-08-13 04:08:03.896] [INFO] Worker1(T7): HELP!!!!!
[2025-08-13 04:08:03.897] [INFO] Worker1(T7): 
[2025-08-13 04:08:08.898] [INFO] Worker1(T7): here i am
[2025-08-13 04:08:08.911] [INFO] Worker1(T7): Worker 1 - Processing batch of 2 records
[2025-08-13 04:08:08.911] [INFO] Worker1(T7): HELP!!!!!
[2025-08-13 04:08:08.911] [INFO] Worker1(T7): 
[2025-08-13 04:08:13.980] [INFO] Worker1(T7): here i am
[2025-08-13 04:08:13.990] [INFO] Worker1(T7): Worker 1 - Processing batch of 2 records
[2025-08-13 04:08:13.991] [INFO] Worker1(T7): HELP!!!!!
[2025-08-13 04:08:13.992] [INFO] Worker1(T7): 
[2025-08-13 04:08:18.999] [INFO] Worker1(T7): here i am
[2025-08-13 04:08:19.015] [INFO] Worker1(T7): Worker 1 - Processing batch of 2 records
[2025-08-13 04:08:19.015] [INFO] Worker1(T7): HELP!!!!!
[2025-08-13 04:08:19.015] [INFO] Worker1(T7): 
[2025-08-13 04:08:24.023] [INFO] Worker1(T7): here i am
[2025-08-13 04:08:24.028] [INFO] Worker1(T7): Worker 1 - Processing batch of 2 records
[2025-08-13 04:08:24.028] [INFO] Worker1(T7): HELP!!!!!
[2025-08-13 04:08:24.028] [INFO] Worker1(T7): 
[2025-08-13 04:08:29.033] [INFO] Worker1(T7): here i am
[2025-08-13 04:08:38.866] [INFO] Worker1(T7): here i am
[2025-08-13 04:08:38.872] [INFO] Worker1(T7): Worker 1 - Processing batch of 2 records
[2025-08-13 04:08:38.872] [INFO] Worker1(T7): HELP!!!!!
[2025-08-13 04:08:38.872] [INFO] Worker1(T7): 
[2025-08-13 04:08:43.888] [INFO] Worker1(T7): here i am
[2025-08-13 04:08:43.903] [INFO] Worker1(T7): Worker 1 - Processing batch of 2 records
[2025-08-13 04:08:43.903] [INFO] Worker1(T7): HELP!!!!!
[2025-08-13 04:08:43.903] [INFO] Worker1(T7): 
[2025-08-13 04:08:48.919] [INFO] Worker1(T7): here i am
[2025-08-13 04:09:02.361] [INFO] Worker1(T7): Worker 1 - Processing batch of 2 records
[2025-08-13 04:09:02.362] [INFO] Worker1(T7): HELP!!!!!
[2025-08-13 04:09:02.363] [INFO] Worker1(T7): 
[2025-08-13 04:09:07.364] [INFO] Worker1(T7): here i am
[2025-08-13 04:09:07.375] [INFO] Worker1(T7): Worker 1 - Processing batch of 2 records
[2025-08-13 04:09:07.375] [INFO] Worker1(T7): HELP!!!!!
[2025-08-13 04:09:07.375] [INFO] Worker1(T7): 
[2025-08-13 04:09:15.678] [INFO] Worker1(T7): Worker started
[2025-08-13 04:09:15.693] [INFO] Worker1(T7): Worker 1 (Thread 7) started - processing records with Uploaded=false
[2025-08-13 04:09:15.708] [INFO] Worker1(T7): here i am
[2025-08-13 04:09:15.748] [INFO] Worker1(T7): Fetched batch of 2 records
[2025-08-13 04:09:15.781] [INFO] Worker1(T7): Worker 1 - Processing batch of 2 records
[2025-08-13 04:09:15.783] [INFO] Worker1(T7): HELP!!!!!
[2025-08-13 04:09:15.785] [INFO] Worker1(T7): 
[2025-08-13 04:09:20.794] [INFO] Worker1(T7): here i am
[2025-08-13 04:09:20.810] [INFO] Worker1(T7): Fetched batch of 2 records
[2025-08-13 04:09:20.810] [INFO] Worker1(T7): Worker 1 - Processing batch of 2 records
[2025-08-13 04:09:20.810] [INFO] Worker1(T7): HELP!!!!!
[2025-08-13 04:09:20.810] [INFO] Worker1(T7): 
[2025-08-13 04:09:25.823] [INFO] Worker1(T7): here i am
[2025-08-13 04:09:25.823] [INFO] Worker1(T7): Fetched batch of 2 records
[2025-08-13 04:09:25.823] [INFO] Worker1(T7): Worker 1 - Processing batch of 2 records
[2025-08-13 04:09:25.823] [INFO] Worker1(T7): HELP!!!!!
[2025-08-13 04:09:25.823] [INFO] Worker1(T7): 
[2025-08-13 04:09:30.823] [INFO] Worker1(T7): here i am
[2025-08-13 04:09:30.823] [INFO] Worker1(T7): Fetched batch of 2 records
[2025-08-13 04:09:30.823] [INFO] Worker1(T7): Worker 1 - Processing batch of 2 records
[2025-08-13 04:09:30.823] [INFO] Worker1(T7): HELP!!!!!
[2025-08-13 04:09:30.839] [INFO] Worker1(T7): 
[2025-08-13 04:09:35.841] [INFO] Worker1(T7): here i am
[2025-08-13 04:09:35.842] [INFO] Worker1(T7): Fetched batch of 2 records
[2025-08-13 04:09:35.842] [INFO] Worker1(T7): Worker 1 - Processing batch of 2 records
[2025-08-13 04:09:35.857] [INFO] Worker1(T7): HELP!!!!!
[2025-08-13 04:09:35.857] [INFO] Worker1(T7): 
[2025-08-13 04:09:40.857] [INFO] Worker1(T7): here i am
[2025-08-13 04:09:40.863] [INFO] Worker1(T7): Fetched batch of 2 records
[2025-08-13 04:09:40.864] [INFO] Worker1(T7): Worker 1 - Processing batch of 2 records
[2025-08-13 04:09:40.865] [INFO] Worker1(T7): HELP!!!!!
[2025-08-13 04:09:40.866] [INFO] Worker1(T7): 
[2025-08-13 04:09:45.868] [INFO] Worker1(T7): here i am
[2025-08-13 04:09:45.872] [INFO] Worker1(T7): Fetched batch of 2 records
[2025-08-13 04:09:45.873] [INFO] Worker1(T7): Worker 1 - Processing batch of 2 records
[2025-08-13 04:09:45.873] [INFO] Worker1(T7): HELP!!!!!
[2025-08-13 04:09:45.873] [INFO] Worker1(T7): 
[2025-08-13 04:09:58.894] [INFO] Worker1(T7): Worker started
[2025-08-13 04:09:58.904] [INFO] Worker1(T7): Worker 1 (Thread 7) started - processing records with Uploaded=false
[2025-08-13 04:09:58.912] [INFO] Worker1(T7): here i am
[2025-08-13 04:09:58.960] [INFO] Worker1(T7): Fetched batch of System.Data.DataRow System.Data.DataRow records
[2025-08-13 04:09:58.972] [INFO] Worker1(T7): Worker 1 - Processing batch of 2 records
[2025-08-13 04:09:58.973] [INFO] Worker1(T7): HELP!!!!!
[2025-08-13 04:09:58.974] [INFO] Worker1(T7): 
[2025-08-13 04:10:03.984] [INFO] Worker1(T7): here i am
[2025-08-13 04:10:10.216] [INFO] Worker1(T7): Fetched batch of System.Data.DataRow System.Data.DataRow records
[2025-08-13 04:10:10.216] [INFO] Worker1(T7): Worker 1 - Processing batch of 2 records
[2025-08-13 04:10:10.216] [INFO] Worker1(T7): HELP!!!!!
[2025-08-13 04:10:10.216] [INFO] Worker1(T7): 
[2025-08-13 04:10:15.218] [INFO] Worker1(T7): here i am
[2025-08-13 04:10:15.250] [INFO] Worker1(T7): Fetched batch of System.Data.DataRow System.Data.DataRow records
[2025-08-13 04:10:15.250] [INFO] Worker1(T7): Worker 1 - Processing batch of 2 records
[2025-08-13 04:10:15.250] [INFO] Worker1(T7): HELP!!!!!
[2025-08-13 04:10:15.250] [INFO] Worker1(T7): 
[2025-08-13 04:10:20.253] [INFO] Worker1(T7): here i am
[2025-08-13 04:10:20.269] [INFO] Worker1(T7): Fetched batch of System.Data.DataRow System.Data.DataRow records
[2025-08-13 04:10:20.270] [INFO] Worker1(T7): Worker 1 - Processing batch of 2 records
[2025-08-13 04:10:20.271] [INFO] Worker1(T7): HELP!!!!!
[2025-08-13 04:10:20.272] [INFO] Worker1(T7): 
[2025-08-13 04:10:25.281] [INFO] Worker1(T7): here i am
[2025-08-13 04:10:25.281] [INFO] Worker1(T7): Fetched batch of System.Data.DataRow System.Data.DataRow records
[2025-08-13 04:10:25.281] [INFO] Worker1(T7): Worker 1 - Processing batch of 2 records
[2025-08-13 04:10:25.297] [INFO] Worker1(T7): HELP!!!!!
[2025-08-13 04:10:25.297] [INFO] Worker1(T7): 
[2025-08-13 04:10:30.311] [INFO] Worker1(T7): here i am
[2025-08-13 04:10:30.340] [INFO] Worker1(T7): Fetched batch of System.Data.DataRow System.Data.DataRow records
[2025-08-13 04:10:30.342] [INFO] Worker1(T7): Worker 1 - Processing batch of 2 records
[2025-08-13 04:10:30.344] [INFO] Worker1(T7): HELP!!!!!
[2025-08-13 04:10:30.345] [INFO] Worker1(T7): 
[2025-08-13 04:10:35.349] [INFO] Worker1(T7): here i am
