[2025-08-13 04:07:58.932] [INFO] Worker6(T18): Worker started
[2025-08-13 04:07:58.940] [INFO] Worker6(T18): Worker 6 (Thread 18) started - processing records with Uploaded=false
[2025-08-13 04:07:58.954] [INFO] Worker6(T18): here i am
[2025-08-13 04:07:58.974] [INFO] Worker6(T18): Worker 6 - Processing batch of 2 records
[2025-08-13 04:07:58.975] [INFO] Worker6(T18): HELP!!!!!
[2025-08-13 04:07:58.976] [INFO] Worker6(T18): 
[2025-08-13 04:08:03.980] [INFO] Worker6(T18): here i am
[2025-08-13 04:08:03.996] [INFO] Worker6(T18): Worker 6 - Processing batch of 2 records
[2025-08-13 04:08:03.997] [INFO] Worker6(T18): HELP!!!!!
[2025-08-13 04:08:03.998] [INFO] Worker6(T18): 
[2025-08-13 04:08:09.001] [INFO] Worker6(T18): here i am
[2025-08-13 04:08:09.011] [INFO] Worker6(T18): Worker 6 - Processing batch of 2 records
[2025-08-13 04:08:09.013] [INFO] Worker6(T18): HELP!!!!!
[2025-08-13 04:08:09.015] [INFO] Worker6(T18): 
[2025-08-13 04:08:14.017] [INFO] Worker6(T18): here i am
[2025-08-13 04:08:14.027] [INFO] Worker6(T18): Worker 6 - Processing batch of 2 records
[2025-08-13 04:08:14.028] [INFO] Worker6(T18): HELP!!!!!
[2025-08-13 04:08:14.029] [INFO] Worker6(T18): 
[2025-08-13 04:08:19.046] [INFO] Worker6(T18): here i am
[2025-08-13 04:08:19.057] [INFO] Worker6(T18): Worker 6 - Processing batch of 2 records
[2025-08-13 04:08:19.058] [INFO] Worker6(T18): HELP!!!!!
[2025-08-13 04:08:19.059] [INFO] Worker6(T18): 
[2025-08-13 04:08:24.071] [INFO] Worker6(T18): here i am
[2025-08-13 04:08:36.345] [INFO] Worker6(T18): here i am
[2025-08-13 04:08:36.345] [INFO] Worker6(T18): Worker 6 - Processing batch of 2 records
[2025-08-13 04:08:36.345] [INFO] Worker6(T18): HELP!!!!!
[2025-08-13 04:08:36.345] [INFO] Worker6(T18): 
[2025-08-13 04:08:41.346] [INFO] Worker6(T18): here i am
[2025-08-13 04:08:41.358] [INFO] Worker6(T18): Worker 6 - Processing batch of 2 records
[2025-08-13 04:08:41.359] [INFO] Worker6(T18): HELP!!!!!
[2025-08-13 04:08:41.360] [INFO] Worker6(T18): 
[2025-08-13 04:08:46.374] [INFO] Worker6(T18): here i am
[2025-08-13 04:08:46.374] [INFO] Worker6(T18): Worker 6 - Processing batch of 2 records
[2025-08-13 04:08:46.374] [INFO] Worker6(T18): HELP!!!!!
[2025-08-13 04:08:46.374] [INFO] Worker6(T18): 
[2025-08-13 04:08:51.379] [INFO] Worker6(T18): here i am
[2025-08-13 04:09:02.968] [INFO] Worker6(T18): here i am
[2025-08-13 04:09:02.994] [INFO] Worker6(T18): Worker 6 - Processing batch of 2 records
[2025-08-13 04:09:02.995] [INFO] Worker6(T18): HELP!!!!!
[2025-08-13 04:09:02.996] [INFO] Worker6(T18): 
[2025-08-13 04:09:07.998] [INFO] Worker6(T18): here i am
[2025-08-13 04:09:15.798] [INFO] Worker6(T18): Worker started
[2025-08-13 04:09:15.800] [INFO] Worker6(T18): Worker 6 (Thread 18) started - processing records with Uploaded=false
[2025-08-13 04:09:15.802] [INFO] Worker6(T18): here i am
[2025-08-13 04:09:15.816] [INFO] Worker6(T18): Fetched batch of 2 records
[2025-08-13 04:09:15.818] [INFO] Worker6(T18): Worker 6 - Processing batch of 2 records
[2025-08-13 04:09:15.819] [INFO] Worker6(T18): HELP!!!!!
[2025-08-13 04:09:15.820] [INFO] Worker6(T18): 
[2025-08-13 04:09:20.826] [INFO] Worker6(T18): here i am
[2025-08-13 04:09:20.826] [INFO] Worker6(T18): Fetched batch of 2 records
[2025-08-13 04:09:20.826] [INFO] Worker6(T18): Worker 6 - Processing batch of 2 records
[2025-08-13 04:09:20.826] [INFO] Worker6(T18): HELP!!!!!
[2025-08-13 04:09:20.826] [INFO] Worker6(T18): 
[2025-08-13 04:09:25.838] [INFO] Worker6(T18): here i am
[2025-08-13 04:09:25.838] [INFO] Worker6(T18): Fetched batch of 2 records
[2025-08-13 04:09:25.838] [INFO] Worker6(T18): Worker 6 - Processing batch of 2 records
[2025-08-13 04:09:25.838] [INFO] Worker6(T18): HELP!!!!!
[2025-08-13 04:09:25.838] [INFO] Worker6(T18): 
[2025-08-13 04:09:30.839] [INFO] Worker6(T18): here i am
[2025-08-13 04:09:37.675] [INFO] Worker6(T18): here i am
[2025-08-13 04:09:37.705] [INFO] Worker6(T18): Fetched batch of 2 records
[2025-08-13 04:09:37.706] [INFO] Worker6(T18): Worker 6 - Processing batch of 2 records
[2025-08-13 04:09:37.707] [INFO] Worker6(T18): HELP!!!!!
[2025-08-13 04:09:37.708] [INFO] Worker6(T18): 
[2025-08-13 04:09:42.724] [INFO] Worker6(T18): here i am
[2025-08-13 04:09:42.724] [INFO] Worker6(T18): Fetched batch of 2 records
[2025-08-13 04:09:42.724] [INFO] Worker6(T18): Worker 6 - Processing batch of 2 records
[2025-08-13 04:09:42.724] [INFO] Worker6(T18): HELP!!!!!
[2025-08-13 04:09:42.724] [INFO] Worker6(T18): 
[2025-08-13 04:09:47.725] [INFO] Worker6(T18): here i am
[2025-08-13 04:09:47.749] [INFO] Worker6(T18): Fetched batch of 2 records
[2025-08-13 04:09:47.749] [INFO] Worker6(T18): Worker 6 - Processing batch of 2 records
[2025-08-13 04:09:47.749] [INFO] Worker6(T18): HELP!!!!!
[2025-08-13 04:09:47.752] [INFO] Worker6(T18): 
[2025-08-13 04:09:59.066] [INFO] Worker6(T18): Worker started
[2025-08-13 04:09:59.068] [INFO] Worker6(T18): Worker 6 (Thread 18) started - processing records with Uploaded=false
[2025-08-13 04:09:59.070] [INFO] Worker6(T18): here i am
[2025-08-13 04:09:59.075] [INFO] Worker6(T18): Fetched batch of System.Data.DataRow System.Data.DataRow records
[2025-08-13 04:09:59.078] [INFO] Worker6(T18): Worker 6 - Processing batch of 2 records
[2025-08-13 04:09:59.079] [INFO] Worker6(T18): HELP!!!!!
[2025-08-13 04:09:59.080] [INFO] Worker6(T18): 
[2025-08-13 04:10:04.083] [INFO] Worker6(T18): here i am
[2025-08-13 04:10:15.218] [INFO] Worker6(T18): here i am
[2025-08-13 04:10:15.250] [INFO] Worker6(T18): Fetched batch of System.Data.DataRow System.Data.DataRow records
[2025-08-13 04:10:15.250] [INFO] Worker6(T18): Worker 6 - Processing batch of 2 records
[2025-08-13 04:10:15.250] [INFO] Worker6(T18): HELP!!!!!
[2025-08-13 04:10:15.250] [INFO] Worker6(T18): 
[2025-08-13 04:10:20.254] [INFO] Worker6(T18): here i am
[2025-08-13 04:10:20.273] [INFO] Worker6(T18): Fetched batch of System.Data.DataRow System.Data.DataRow records
[2025-08-13 04:10:20.274] [INFO] Worker6(T18): Worker 6 - Processing batch of 2 records
[2025-08-13 04:10:20.275] [INFO] Worker6(T18): HELP!!!!!
[2025-08-13 04:10:20.276] [INFO] Worker6(T18): 
[2025-08-13 04:10:25.281] [INFO] Worker6(T18): here i am
[2025-08-13 04:10:25.281] [INFO] Worker6(T18): Fetched batch of System.Data.DataRow System.Data.DataRow records
[2025-08-13 04:10:25.281] [INFO] Worker6(T18): Worker 6 - Processing batch of 2 records
[2025-08-13 04:10:25.297] [INFO] Worker6(T18): HELP!!!!!
[2025-08-13 04:10:25.297] [INFO] Worker6(T18): 
[2025-08-13 04:10:30.312] [INFO] Worker6(T18): here i am
[2025-08-13 04:10:30.340] [INFO] Worker6(T18): Fetched batch of System.Data.DataRow System.Data.DataRow records
[2025-08-13 04:10:30.343] [INFO] Worker6(T18): Worker 6 - Processing batch of 2 records
[2025-08-13 04:10:30.345] [INFO] Worker6(T18): HELP!!!!!
[2025-08-13 04:10:30.346] [INFO] Worker6(T18): 
[2025-08-13 04:10:35.350] [INFO] Worker6(T18): here i am
