[2025-08-13 04:07:58.899] [INFO] Worker5(T17): Worker started
[2025-08-13 04:07:58.901] [INFO] Worker5(T17): Worker 5 (Thread 17) started - processing records with Uploaded=false
[2025-08-13 04:07:58.907] [INFO] Worker5(T17): here i am
[2025-08-13 04:07:58.914] [INFO] Worker5(T17): Worker 5 - Processing batch of 2 records
[2025-08-13 04:07:58.915] [INFO] Worker5(T17): HELP!!!!!
[2025-08-13 04:07:58.916] [INFO] Worker5(T17): 
[2025-08-13 04:08:03.920] [INFO] Worker5(T17): here i am
[2025-08-13 04:08:03.926] [INFO] Worker5(T17): Worker 5 - Processing batch of 2 records
[2025-08-13 04:08:03.927] [INFO] Worker5(T17): HELP!!!!!
[2025-08-13 04:08:03.928] [INFO] Worker5(T17): 
[2025-08-13 04:08:08.977] [INFO] Worker5(T17): here i am
[2025-08-13 04:08:08.982] [INFO] Worker5(T17): Worker 5 - Processing batch of 2 records
[2025-08-13 04:08:08.983] [INFO] Worker5(T17): HELP!!!!!
[2025-08-13 04:08:08.985] [INFO] Worker5(T17): 
[2025-08-13 04:08:13.987] [INFO] Worker5(T17): here i am
[2025-08-13 04:08:14.007] [INFO] Worker5(T17): Worker 5 - Processing batch of 2 records
[2025-08-13 04:08:14.008] [INFO] Worker5(T17): HELP!!!!!
[2025-08-13 04:08:14.009] [INFO] Worker5(T17): 
[2025-08-13 04:08:19.015] [INFO] Worker5(T17): here i am
[2025-08-13 04:08:19.015] [INFO] Worker5(T17): Worker 5 - Processing batch of 2 records
[2025-08-13 04:08:19.015] [INFO] Worker5(T17): HELP!!!!!
[2025-08-13 04:08:19.015] [INFO] Worker5(T17): 
[2025-08-13 04:08:24.023] [INFO] Worker5(T17): here i am
[2025-08-13 04:08:24.028] [INFO] Worker5(T17): Worker 5 - Processing batch of 2 records
[2025-08-13 04:08:24.028] [INFO] Worker5(T17): HELP!!!!!
[2025-08-13 04:08:24.028] [INFO] Worker5(T17): 
[2025-08-13 04:08:29.033] [INFO] Worker5(T17): here i am
[2025-08-13 04:08:38.866] [INFO] Worker5(T17): here i am
[2025-08-13 04:08:38.872] [INFO] Worker5(T17): Worker 5 - Processing batch of 2 records
[2025-08-13 04:08:38.882] [INFO] Worker5(T17): HELP!!!!!
[2025-08-13 04:08:38.882] [INFO] Worker5(T17): 
[2025-08-13 04:08:43.888] [INFO] Worker5(T17): here i am
[2025-08-13 04:08:43.903] [INFO] Worker5(T17): Worker 5 - Processing batch of 2 records
[2025-08-13 04:08:43.903] [INFO] Worker5(T17): HELP!!!!!
[2025-08-13 04:08:43.903] [INFO] Worker5(T17): 
[2025-08-13 04:08:48.919] [INFO] Worker5(T17): here i am
[2025-08-13 04:09:07.359] [INFO] Worker5(T17): here i am
[2025-08-13 04:09:07.375] [INFO] Worker5(T17): Worker 5 - Processing batch of 2 records
[2025-08-13 04:09:07.375] [INFO] Worker5(T17): HELP!!!!!
[2025-08-13 04:09:07.375] [INFO] Worker5(T17): 
[2025-08-13 04:09:15.747] [INFO] Worker5(T17): Worker started
[2025-08-13 04:09:15.752] [INFO] Worker5(T17): Worker 5 (Thread 17) started - processing records with Uploaded=false
[2025-08-13 04:09:15.755] [INFO] Worker5(T17): here i am
[2025-08-13 04:09:15.763] [INFO] Worker5(T17): Fetched batch of 2 records
[2025-08-13 04:09:15.768] [INFO] Worker5(T17): Worker 5 - Processing batch of 2 records
[2025-08-13 04:09:15.770] [INFO] Worker5(T17): HELP!!!!!
[2025-08-13 04:09:15.771] [INFO] Worker5(T17): 
[2025-08-13 04:09:20.779] [INFO] Worker5(T17): here i am
[2025-08-13 04:09:20.794] [INFO] Worker5(T17): Fetched batch of 2 records
[2025-08-13 04:09:20.794] [INFO] Worker5(T17): Worker 5 - Processing batch of 2 records
[2025-08-13 04:09:20.794] [INFO] Worker5(T17): HELP!!!!!
[2025-08-13 04:09:20.794] [INFO] Worker5(T17): 
[2025-08-13 04:09:25.807] [INFO] Worker5(T17): here i am
[2025-08-13 04:09:25.807] [INFO] Worker5(T17): Fetched batch of 2 records
[2025-08-13 04:09:25.823] [INFO] Worker5(T17): Worker 5 - Processing batch of 2 records
[2025-08-13 04:09:25.823] [INFO] Worker5(T17): HELP!!!!!
[2025-08-13 04:09:25.823] [INFO] Worker5(T17): 
[2025-08-13 04:09:30.823] [INFO] Worker5(T17): here i am
[2025-08-13 04:09:30.823] [INFO] Worker5(T17): Fetched batch of 2 records
[2025-08-13 04:09:30.823] [INFO] Worker5(T17): Worker 5 - Processing batch of 2 records
[2025-08-13 04:09:30.839] [INFO] Worker5(T17): HELP!!!!!
[2025-08-13 04:09:30.839] [INFO] Worker5(T17): 
[2025-08-13 04:09:35.841] [INFO] Worker5(T17): here i am
[2025-08-13 04:09:35.842] [INFO] Worker5(T17): Fetched batch of 2 records
[2025-08-13 04:09:35.842] [INFO] Worker5(T17): Worker 5 - Processing batch of 2 records
[2025-08-13 04:09:35.842] [INFO] Worker5(T17): HELP!!!!!
[2025-08-13 04:09:35.842] [INFO] Worker5(T17): 
[2025-08-13 04:09:40.842] [INFO] Worker5(T17): here i am
[2025-08-13 04:09:40.853] [INFO] Worker5(T17): Fetched batch of 2 records
[2025-08-13 04:09:40.854] [INFO] Worker5(T17): Worker 5 - Processing batch of 2 records
[2025-08-13 04:09:40.855] [INFO] Worker5(T17): HELP!!!!!
[2025-08-13 04:09:40.856] [INFO] Worker5(T17): 
[2025-08-13 04:09:45.857] [INFO] Worker5(T17): here i am
[2025-08-13 04:09:45.868] [INFO] Worker5(T17): Fetched batch of 2 records
[2025-08-13 04:09:45.869] [INFO] Worker5(T17): Worker 5 - Processing batch of 2 records
[2025-08-13 04:09:45.870] [INFO] Worker5(T17): HELP!!!!!
[2025-08-13 04:09:45.871] [INFO] Worker5(T17): 
[2025-08-13 04:09:59.036] [INFO] Worker5(T17): Worker started
[2025-08-13 04:09:59.038] [INFO] Worker5(T17): Worker 5 (Thread 17) started - processing records with Uploaded=false
[2025-08-13 04:09:59.049] [INFO] Worker5(T17): here i am
[2025-08-13 04:09:59.060] [INFO] Worker5(T17): Fetched batch of System.Data.DataRow System.Data.DataRow records
[2025-08-13 04:09:59.064] [INFO] Worker5(T17): Worker 5 - Processing batch of 2 records
[2025-08-13 04:09:59.065] [INFO] Worker5(T17): HELP!!!!!
[2025-08-13 04:09:59.066] [INFO] Worker5(T17): 
[2025-08-13 04:10:04.070] [INFO] Worker5(T17): here i am
[2025-08-13 04:10:15.218] [INFO] Worker5(T17): here i am
[2025-08-13 04:10:15.250] [INFO] Worker5(T17): Fetched batch of System.Data.DataRow System.Data.DataRow records
[2025-08-13 04:10:15.250] [INFO] Worker5(T17): Worker 5 - Processing batch of 2 records
[2025-08-13 04:10:15.250] [INFO] Worker5(T17): HELP!!!!!
[2025-08-13 04:10:15.250] [INFO] Worker5(T17): 
[2025-08-13 04:10:20.254] [INFO] Worker5(T17): here i am
[2025-08-13 04:10:20.273] [INFO] Worker5(T17): Fetched batch of System.Data.DataRow System.Data.DataRow records
[2025-08-13 04:10:20.275] [INFO] Worker5(T17): Worker 5 - Processing batch of 2 records
[2025-08-13 04:10:20.276] [INFO] Worker5(T17): HELP!!!!!
[2025-08-13 04:10:20.277] [INFO] Worker5(T17): 
[2025-08-13 04:10:25.310] [INFO] Worker5(T17): here i am
[2025-08-13 04:10:25.313] [INFO] Worker5(T17): Fetched batch of System.Data.DataRow System.Data.DataRow records
[2025-08-13 04:10:25.313] [INFO] Worker5(T17): Worker 5 - Processing batch of 2 records
[2025-08-13 04:10:25.313] [INFO] Worker5(T17): HELP!!!!!
[2025-08-13 04:10:25.313] [INFO] Worker5(T17): 
[2025-08-13 04:10:30.328] [INFO] Worker5(T17): here i am
[2025-08-13 04:10:30.340] [INFO] Worker5(T17): Fetched batch of System.Data.DataRow System.Data.DataRow records
[2025-08-13 04:10:30.342] [INFO] Worker5(T17): Worker 5 - Processing batch of 2 records
[2025-08-13 04:10:30.344] [INFO] Worker5(T17): HELP!!!!!
[2025-08-13 04:10:30.346] [INFO] Worker5(T17): 
[2025-08-13 04:10:35.350] [INFO] Worker5(T17): here i am
